2021-01-31 09:58:31.716  INFO 28788 --- [restartedMain] com.codesun.DemoApplication              : Starting DemoApplication using Java 1.8.0_231 on DESKTOP-5SO9LNV with PID 28788 (D:\编程学习\WebServer\target\classes started by 不知道干啥 in D:\编程学习\WebServer)
2021-01-31 09:58:31.723  INFO 28788 --- [restartedMain] com.codesun.DemoApplication              : No active profile set, falling back to default profiles: default
2021-01-31 09:58:31.765  INFO 28788 --- [restartedMain] .e.DevToolsPropertyDefaultsPostProcessor : Devtools property defaults active! Set 'spring.devtools.add-properties' to 'false' to disable
2021-01-31 09:58:31.765  INFO 28788 --- [restartedMain] .e.DevToolsPropertyDefaultsPostProcessor : For additional web related logging consider setting the 'logging.level.web' property to 'DEBUG'
2021-01-31 09:58:32.506  INFO 28788 --- [restartedMain] o.s.b.w.embedded.tomcat.TomcatWebServer  : Tomcat initialized with port(s): 8989 (http)
2021-01-31 09:58:32.515  INFO 28788 --- [restartedMain] o.apache.catalina.core.StandardService   : Starting service [Tomcat]
2021-01-31 09:58:32.515  INFO 28788 --- [restartedMain] org.apache.catalina.core.StandardEngine  : Starting Servlet engine: [Apache Tomcat/9.0.41]
2021-01-31 09:58:32.597  INFO 28788 --- [restartedMain] o.a.c.c.C.[Tomcat].[localhost].[/ghost]  : Initializing Spring embedded WebApplicationContext
2021-01-31 09:58:32.597  INFO 28788 --- [restartedMain] w.s.c.ServletWebServerApplicationContext : Root WebApplicationContext: initialization completed in 831 ms
2021-01-31 09:58:32.760  INFO 28788 --- [restartedMain] o.s.s.concurrent.ThreadPoolTaskExecutor  : Initializing ExecutorService 'applicationTaskExecutor'
2021-01-31 09:58:32.844  INFO 28788 --- [restartedMain] o.s.b.a.w.s.WelcomePageHandlerMapping    : Adding welcome page: class path resource [static/index.html]
2021-01-31 09:58:32.949  INFO 28788 --- [restartedMain] o.s.b.d.a.OptionalLiveReloadServer       : LiveReload server is running on port 35729
2021-01-31 09:58:32.984  INFO 28788 --- [restartedMain] o.s.b.w.embedded.tomcat.TomcatWebServer  : Tomcat started on port(s): 8989 (http) with context path '/ghost'
2021-01-31 09:58:32.993  INFO 28788 --- [restartedMain] com.codesun.DemoApplication              : Started DemoApplication in 1.707 seconds (JVM running for 2.683)
2021-01-31 09:58:55.514  INFO 28788 --- [http-nio-8989-exec-3] o.a.c.c.C.[Tomcat].[localhost].[/ghost]  : Initializing Spring DispatcherServlet 'dispatcherServlet'
2021-01-31 09:58:55.514  INFO 28788 --- [http-nio-8989-exec-3] o.s.web.servlet.DispatcherServlet        : Initializing Servlet 'dispatcherServlet'
2021-01-31 09:58:55.515  INFO 28788 --- [http-nio-8989-exec-3] o.s.web.servlet.DispatcherServlet        : Completed initialization in 1 ms
2021-01-31 09:59:29.558  INFO 28788 --- [http-nio-8989-exec-9] com.codesun.Controller.ServerController  : 收到请求：{"stime":"2018-10-28 16:04:35","device_id":"QZ000002","cmd_type":"101","data":"","city_code":"460000","city_name":"武汉市"}
2021-01-31 09:59:29.574  INFO 28788 --- [http-nio-8989-exec-9] c.c.H.Device_registrationFilter          : 接受到注册请求
2021-01-31 09:59:29.607  INFO 28788 --- [http-nio-8989-exec-9] c.c.H.Device_registrationFilter          : 有任务，下发案件成功
2021-01-31 09:59:48.293  INFO 28788 --- [http-nio-8989-exec-1] com.codesun.Controller.ServerController  : 收到请求：{"stime":"2018-10-28 16:04:35","device_id":"QZ000002","cmd_type":"103","data":{"case_id":"5","device_state":"1","imei":"1111","content":"","content_time":"","memo":""}}
2021-01-31 09:59:48.294  INFO 28788 --- [http-nio-8989-exec-1] c.c.HandlerFilter.Upload_statusFilter    : 接收到上传信息请求
2021-01-31 09:59:48.294  INFO 28788 --- [http-nio-8989-exec-1] c.c.HandlerFilter.Upload_statusFilter    : 返回信息就绪消息
2021-01-31 10:00:05.911  INFO 28788 --- [http-nio-8989-exec-5] com.codesun.Controller.ServerController  : 收到请求：{"stime":"2018-10-28 16:04:35","device_id":"QZ000002","cmd_type":"105","data":{"case_id":"5","device_state":"1","imei":"111111","phone":"18971360911","content":"短信内容1923","content_time":"2018-10-27 20:21:09","memo":""}}
2021-01-31 10:00:05.912  INFO 28788 --- [http-nio-8989-exec-5] c.c.HandlerFilter.Upload_SMSFilter       : 接受到短信上传请求
2021-01-31 10:00:05.925  INFO 28788 --- [http-nio-8989-exec-5] c.c.HandlerFilter.Upload_SMSFilter       : 返回信息获取成功消息
2021-01-31 10:00:27.292  INFO 28788 --- [http-nio-8989-exec-9] com.codesun.Controller.ServerController  : 收到请求：{"stime":"2018-10-28 16:04:35","device_id":"QZ000002","cmd_type":"103","data":{"case_id":"5","device_state":"1","imei":"1111","content":"","content_time":"","memo":""}}
2021-01-31 10:00:27.293  INFO 28788 --- [http-nio-8989-exec-9] c.c.HandlerFilter.Upload_statusFilter    : 接收到上传信息请求
2021-01-31 10:00:27.293  INFO 28788 --- [http-nio-8989-exec-9] c.c.HandlerFilter.Upload_statusFilter    : 返回信息就绪消息
2021-01-31 10:10:45.687  INFO 21704 --- [restartedMain] com.codesun.DemoApplication              : Starting DemoApplication using Java 1.8.0_231 on DESKTOP-5SO9LNV with PID 21704 (D:\编程学习\WebServer\target\classes started by 不知道干啥 in D:\编程学习\WebServer)
2021-01-31 10:10:45.690  INFO 21704 --- [restartedMain] com.codesun.DemoApplication              : No active profile set, falling back to default profiles: default
2021-01-31 10:10:45.734  INFO 21704 --- [restartedMain] .e.DevToolsPropertyDefaultsPostProcessor : Devtools property defaults active! Set 'spring.devtools.add-properties' to 'false' to disable
2021-01-31 10:10:45.735  INFO 21704 --- [restartedMain] .e.DevToolsPropertyDefaultsPostProcessor : For additional web related logging consider setting the 'logging.level.web' property to 'DEBUG'
2021-01-31 10:10:46.378  INFO 21704 --- [restartedMain] o.s.b.w.embedded.tomcat.TomcatWebServer  : Tomcat initialized with port(s): 8989 (http)
2021-01-31 10:10:46.384  INFO 21704 --- [restartedMain] o.apache.catalina.core.StandardService   : Starting service [Tomcat]
2021-01-31 10:10:46.384  INFO 21704 --- [restartedMain] org.apache.catalina.core.StandardEngine  : Starting Servlet engine: [Apache Tomcat/9.0.41]
2021-01-31 10:10:46.444  INFO 21704 --- [restartedMain] o.a.c.c.C.[Tomcat].[localhost].[/ghost]  : Initializing Spring embedded WebApplicationContext
2021-01-31 10:10:46.445  INFO 21704 --- [restartedMain] w.s.c.ServletWebServerApplicationContext : Root WebApplicationContext: initialization completed in 710 ms
2021-01-31 10:10:46.555  INFO 21704 --- [restartedMain] o.s.s.concurrent.ThreadPoolTaskExecutor  : Initializing ExecutorService 'applicationTaskExecutor'
2021-01-31 10:10:46.605  INFO 21704 --- [restartedMain] o.s.b.a.w.s.WelcomePageHandlerMapping    : Adding welcome page: class path resource [static/index.html]
2021-01-31 10:10:46.669  INFO 21704 --- [restartedMain] o.s.b.d.a.OptionalLiveReloadServer       : LiveReload server is running on port 35729
2021-01-31 10:10:46.691  INFO 21704 --- [restartedMain] o.s.b.w.embedded.tomcat.TomcatWebServer  : Tomcat started on port(s): 8989 (http) with context path '/ghost'
2021-01-31 10:10:46.698  INFO 21704 --- [restartedMain] com.codesun.DemoApplication              : Started DemoApplication in 1.362 seconds (JVM running for 2.227)
2021-01-31 10:10:55.842  INFO 21704 --- [http-nio-8989-exec-1] o.a.c.c.C.[Tomcat].[localhost].[/ghost]  : Initializing Spring DispatcherServlet 'dispatcherServlet'
2021-01-31 10:10:55.847  INFO 21704 --- [http-nio-8989-exec-1] o.s.web.servlet.DispatcherServlet        : Initializing Servlet 'dispatcherServlet'
2021-01-31 10:10:55.849  INFO 21704 --- [http-nio-8989-exec-1] o.s.web.servlet.DispatcherServlet        : Completed initialization in 1 ms
2021-01-31 10:10:55.871  INFO 21704 --- [http-nio-8989-exec-1] com.codesun.Controller.ServerController  : 收到请求：{"stime":"2018-10-28 16:04:35","device_id":"QZ000002","cmd_type":"101","data":"","city_code":"460000","city_name":"武汉市"}
2021-01-31 10:10:55.881  INFO 21704 --- [http-nio-8989-exec-1] c.c.H.Device_registrationFilter          : 接受到注册请求
2021-01-31 10:10:55.909  INFO 21704 --- [http-nio-8989-exec-1] c.c.H.Device_registrationFilter          : 没有任务，返回无任务响应
2021-01-31 10:16:32.510  INFO 21704 --- [http-nio-8989-exec-4] com.codesun.Controller.ServerController  : 收到请求：{"stime":"2018-10-28 16:04:35","device_id":"QZ000002","cmd_type":"101","data":"","city_code":"460000","city_name":"武汉市"}
2021-01-31 10:16:32.510  INFO 21704 --- [http-nio-8989-exec-4] c.c.H.Device_registrationFilter          : 接受到注册请求
2021-01-31 10:16:32.516  INFO 21704 --- [http-nio-8989-exec-4] c.c.H.Device_registrationFilter          : 有任务，下发案件成功
2021-01-31 10:16:32.522  INFO 21704 --- [http-nio-8989-exec-5] com.codesun.Controller.ServerController  : 收到请求：{"stime":"2018-10-28 16:04:35","device_id":"QZ000002","cmd_type":"103","data":{"case_id":"5","device_state":"1","imei":"1111","content":"","content_time":"","memo":""}}
2021-01-31 10:16:32.522  INFO 21704 --- [http-nio-8989-exec-5] c.c.HandlerFilter.Upload_statusFilter    : 接收到上传信息请求
2021-01-31 10:16:32.523  INFO 21704 --- [http-nio-8989-exec-5] c.c.HandlerFilter.Upload_statusFilter    : 返回信息就绪消息
2021-01-31 10:16:32.525  INFO 21704 --- [http-nio-8989-exec-10] com.codesun.Controller.ServerController  : 收到请求：{"stime":"2018-10-28 16:04:35","device_id":"QZ000002","cmd_type":"105","data":{"case_id":"5","device_state":"1","imei":"111111","phone":"18971360911","content":"短信内容1923","content_time":"2018-10-27 20:21:09","memo":""}}
2021-01-31 10:16:32.526  INFO 21704 --- [http-nio-8989-exec-10] c.c.HandlerFilter.Upload_SMSFilter       : 接受到短信上传请求
2021-01-31 10:16:32.539  INFO 21704 --- [http-nio-8989-exec-10] c.c.HandlerFilter.Upload_SMSFilter       : 返回信息获取成功消息
2021-01-31 10:16:32.542  INFO 21704 --- [http-nio-8989-exec-1] com.codesun.Controller.ServerController  : 收到请求：{"stime":"2018-10-28 16:04:35","device_id":"QZ000002","cmd_type":"103","data":{"case_id":"5","device_state":"1","imei":"1111","content":"","content_time":"","memo":""}}
2021-01-31 10:16:32.542  INFO 21704 --- [http-nio-8989-exec-1] c.c.HandlerFilter.Upload_statusFilter    : 接收到上传信息请求
2021-01-31 10:16:32.542  INFO 21704 --- [http-nio-8989-exec-1] c.c.HandlerFilter.Upload_statusFilter    : 返回信息就绪消息
2021-01-31 10:16:34.545  INFO 21704 --- [http-nio-8989-exec-3] com.codesun.Controller.ServerController  : 收到请求：{"stime":"2018-10-28 16:04:35","device_id":"QZ000002","cmd_type":"103","data":{"case_id":"5","device_state":"1","imei":"1111","content":"","content_time":"","memo":""}}
2021-01-31 10:16:34.545  INFO 21704 --- [http-nio-8989-exec-3] c.c.HandlerFilter.Upload_statusFilter    : 接收到上传信息请求
2021-01-31 10:16:34.545  INFO 21704 --- [http-nio-8989-exec-3] c.c.HandlerFilter.Upload_statusFilter    : 返回信息就绪消息
2021-01-31 10:16:36.560  INFO 21704 --- [http-nio-8989-exec-2] com.codesun.Controller.ServerController  : 收到请求：{"stime":"2018-10-28 16:04:35","device_id":"QZ000002","cmd_type":"103","data":{"case_id":"5","device_state":"1","imei":"1111","content":"","content_time":"","memo":""}}
2021-01-31 10:16:36.561  INFO 21704 --- [http-nio-8989-exec-2] c.c.HandlerFilter.Upload_statusFilter    : 接收到上传信息请求
2021-01-31 10:16:36.561  INFO 21704 --- [http-nio-8989-exec-2] c.c.HandlerFilter.Upload_statusFilter    : 返回信息就绪消息
2021-01-31 10:16:38.576  INFO 21704 --- [http-nio-8989-exec-7] com.codesun.Controller.ServerController  : 收到请求：{"stime":"2018-10-28 16:04:35","device_id":"QZ000002","cmd_type":"103","data":{"case_id":"5","device_state":"1","imei":"1111","content":"","content_time":"","memo":""}}
2021-01-31 10:16:38.576  INFO 21704 --- [http-nio-8989-exec-7] c.c.HandlerFilter.Upload_statusFilter    : 接收到上传信息请求
2021-01-31 10:16:38.577  INFO 21704 --- [http-nio-8989-exec-7] c.c.HandlerFilter.Upload_statusFilter    : 返回信息就绪消息
2021-01-31 10:16:40.586  INFO 21704 --- [http-nio-8989-exec-9] com.codesun.Controller.ServerController  : 收到请求：{"stime":"2018-10-28 16:04:35","device_id":"QZ000002","cmd_type":"103","data":{"case_id":"5","device_state":"1","imei":"1111","content":"","content_time":"","memo":""}}
2021-01-31 10:16:40.587  INFO 21704 --- [http-nio-8989-exec-9] c.c.HandlerFilter.Upload_statusFilter    : 接收到上传信息请求
2021-01-31 10:16:40.587  INFO 21704 --- [http-nio-8989-exec-9] c.c.HandlerFilter.Upload_statusFilter    : 返回信息就绪消息
2021-01-31 10:16:42.591  INFO 21704 --- [http-nio-8989-exec-6] com.codesun.Controller.ServerController  : 收到请求：{"stime":"2018-10-28 16:04:35","device_id":"QZ000002","cmd_type":"103","data":{"case_id":"5","device_state":"1","imei":"1111","content":"","content_time":"","memo":""}}
2021-01-31 10:16:42.591  INFO 21704 --- [http-nio-8989-exec-6] c.c.HandlerFilter.Upload_statusFilter    : 接收到上传信息请求
2021-01-31 10:16:42.591  INFO 21704 --- [http-nio-8989-exec-6] c.c.HandlerFilter.Upload_statusFilter    : 返回信息就绪消息
2021-01-31 10:16:44.596  INFO 21704 --- [http-nio-8989-exec-8] com.codesun.Controller.ServerController  : 收到请求：{"stime":"2018-10-28 16:04:35","device_id":"QZ000002","cmd_type":"103","data":{"case_id":"5","device_state":"1","imei":"1111","content":"","content_time":"","memo":""}}
2021-01-31 10:16:44.597  INFO 21704 --- [http-nio-8989-exec-8] c.c.HandlerFilter.Upload_statusFilter    : 接收到上传信息请求
2021-01-31 10:16:44.597  INFO 21704 --- [http-nio-8989-exec-8] c.c.HandlerFilter.Upload_statusFilter    : 返回信息就绪消息
2021-01-31 10:16:46.612  INFO 21704 --- [http-nio-8989-exec-4] com.codesun.Controller.ServerController  : 收到请求：{"stime":"2018-10-28 16:04:35","device_id":"QZ000002","cmd_type":"103","data":{"case_id":"5","device_state":"1","imei":"1111","content":"","content_time":"","memo":""}}
2021-01-31 10:16:46.612  INFO 21704 --- [http-nio-8989-exec-4] c.c.HandlerFilter.Upload_statusFilter    : 接收到上传信息请求
2021-01-31 10:16:46.612  INFO 21704 --- [http-nio-8989-exec-4] c.c.HandlerFilter.Upload_statusFilter    : 返回信息就绪消息
2021-01-31 10:16:48.627  INFO 21704 --- [http-nio-8989-exec-5] com.codesun.Controller.ServerController  : 收到请求：{"stime":"2018-10-28 16:04:35","device_id":"QZ000002","cmd_type":"103","data":{"case_id":"5","device_state":"1","imei":"1111","content":"","content_time":"","memo":""}}
2021-01-31 10:16:48.627  INFO 21704 --- [http-nio-8989-exec-5] c.c.HandlerFilter.Upload_statusFilter    : 接收到上传信息请求
2021-01-31 10:16:48.627  INFO 21704 --- [http-nio-8989-exec-5] c.c.HandlerFilter.Upload_statusFilter    : 返回信息就绪消息
2021-01-31 10:16:50.631  INFO 21704 --- [http-nio-8989-exec-10] com.codesun.Controller.ServerController  : 收到请求：{"stime":"2018-10-28 16:04:35","device_id":"QZ000002","cmd_type":"103","data":{"case_id":"5","device_state":"1","imei":"1111","content":"","content_time":"","memo":""}}
2021-01-31 10:16:50.632  INFO 21704 --- [http-nio-8989-exec-10] c.c.HandlerFilter.Upload_statusFilter    : 接收到上传信息请求
2021-01-31 10:16:50.632  INFO 21704 --- [http-nio-8989-exec-10] c.c.HandlerFilter.Upload_statusFilter    : 返回信息就绪消息
2021-01-31 10:16:52.645  INFO 21704 --- [http-nio-8989-exec-1] com.codesun.Controller.ServerController  : 收到请求：{"stime":"2018-10-28 16:04:35","device_id":"QZ000002","cmd_type":"103","data":{"case_id":"5","device_state":"1","imei":"1111","content":"","content_time":"","memo":""}}
2021-01-31 10:16:52.646  INFO 21704 --- [http-nio-8989-exec-1] c.c.HandlerFilter.Upload_statusFilter    : 接收到上传信息请求
2021-01-31 10:16:52.646  INFO 21704 --- [http-nio-8989-exec-1] c.c.HandlerFilter.Upload_statusFilter    : 返回信息就绪消息
2021-01-31 10:16:54.660  INFO 21704 --- [http-nio-8989-exec-3] com.codesun.Controller.ServerController  : 收到请求：{"stime":"2018-10-28 16:04:35","device_id":"QZ000002","cmd_type":"103","data":{"case_id":"5","device_state":"1","imei":"1111","content":"","content_time":"","memo":""}}
2021-01-31 10:16:54.660  INFO 21704 --- [http-nio-8989-exec-3] c.c.HandlerFilter.Upload_statusFilter    : 接收到上传信息请求
2021-01-31 10:16:54.660  INFO 21704 --- [http-nio-8989-exec-3] c.c.HandlerFilter.Upload_statusFilter    : 返回信息就绪消息
2021-01-31 10:16:56.665  INFO 21704 --- [http-nio-8989-exec-2] com.codesun.Controller.ServerController  : 收到请求：{"stime":"2018-10-28 16:04:35","device_id":"QZ000002","cmd_type":"103","data":{"case_id":"5","device_state":"1","imei":"1111","content":"","content_time":"","memo":""}}
2021-01-31 10:16:56.666  INFO 21704 --- [http-nio-8989-exec-2] c.c.HandlerFilter.Upload_statusFilter    : 接收到上传信息请求
2021-01-31 10:16:56.666  INFO 21704 --- [http-nio-8989-exec-2] c.c.HandlerFilter.Upload_statusFilter    : 返回信息就绪消息
2021-01-31 10:16:58.683  INFO 21704 --- [http-nio-8989-exec-9] com.codesun.Controller.ServerController  : 收到请求：{"stime":"2018-10-28 16:04:35","device_id":"QZ000002","cmd_type":"103","data":{"case_id":"5","device_state":"1","imei":"1111","content":"","content_time":"","memo":""}}
2021-01-31 10:16:58.683  INFO 21704 --- [http-nio-8989-exec-9] c.c.HandlerFilter.Upload_statusFilter    : 接收到上传信息请求
2021-01-31 10:16:58.684  INFO 21704 --- [http-nio-8989-exec-9] c.c.HandlerFilter.Upload_statusFilter    : 返回信息就绪消息
2021-01-31 10:17:00.688  INFO 21704 --- [http-nio-8989-exec-6] com.codesun.Controller.ServerController  : 收到请求：{"stime":"2018-10-28 16:04:35","device_id":"QZ000002","cmd_type":"103","data":{"case_id":"5","device_state":"1","imei":"1111","content":"","content_time":"","memo":""}}
2021-01-31 10:17:00.688  INFO 21704 --- [http-nio-8989-exec-6] c.c.HandlerFilter.Upload_statusFilter    : 接收到上传信息请求
2021-01-31 10:17:00.688  INFO 21704 --- [http-nio-8989-exec-6] c.c.HandlerFilter.Upload_statusFilter    : 返回信息就绪消息
2021-01-31 10:17:02.702  INFO 21704 --- [http-nio-8989-exec-8] com.codesun.Controller.ServerController  : 收到请求：{"stime":"2018-10-28 16:04:35","device_id":"QZ000002","cmd_type":"103","data":{"case_id":"5","device_state":"1","imei":"1111","content":"","content_time":"","memo":""}}
2021-01-31 10:17:02.702  INFO 21704 --- [http-nio-8989-exec-8] c.c.HandlerFilter.Upload_statusFilter    : 接收到上传信息请求
2021-01-31 10:17:02.704  INFO 21704 --- [http-nio-8989-exec-8] c.c.HandlerFilter.Upload_statusFilter    : 返回信息就绪消息
2021-01-31 10:17:04.711  INFO 21704 --- [http-nio-8989-exec-4] com.codesun.Controller.ServerController  : 收到请求：{"stime":"2018-10-28 16:04:35","device_id":"QZ000002","cmd_type":"103","data":{"case_id":"5","device_state":"1","imei":"1111","content":"","content_time":"","memo":""}}
2021-01-31 10:17:04.711  INFO 21704 --- [http-nio-8989-exec-4] c.c.HandlerFilter.Upload_statusFilter    : 接收到上传信息请求
2021-01-31 10:17:04.711  INFO 21704 --- [http-nio-8989-exec-4] c.c.HandlerFilter.Upload_statusFilter    : 返回信息就绪消息
2021-01-31 10:17:06.716  INFO 21704 --- [http-nio-8989-exec-10] com.codesun.Controller.ServerController  : 收到请求：{"stime":"2018-10-28 16:04:35","device_id":"QZ000002","cmd_type":"103","data":{"case_id":"5","device_state":"1","imei":"1111","content":"","content_time":"","memo":""}}
2021-01-31 10:17:06.716  INFO 21704 --- [http-nio-8989-exec-10] c.c.HandlerFilter.Upload_statusFilter    : 接收到上传信息请求
2021-01-31 10:17:06.716  INFO 21704 --- [http-nio-8989-exec-10] c.c.HandlerFilter.Upload_statusFilter    : 返回信息就绪消息
2021-01-31 10:17:08.734  INFO 21704 --- [http-nio-8989-exec-1] com.codesun.Controller.ServerController  : 收到请求：{"stime":"2018-10-28 16:04:35","device_id":"QZ000002","cmd_type":"103","data":{"case_id":"5","device_state":"1","imei":"1111","content":"","content_time":"","memo":""}}
2021-01-31 10:17:08.734  INFO 21704 --- [http-nio-8989-exec-1] c.c.HandlerFilter.Upload_statusFilter    : 接收到上传信息请求
2021-01-31 10:17:08.735  INFO 21704 --- [http-nio-8989-exec-1] c.c.HandlerFilter.Upload_statusFilter    : 返回信息就绪消息
2021-01-31 10:17:10.744  INFO 21704 --- [http-nio-8989-exec-3] com.codesun.Controller.ServerController  : 收到请求：{"stime":"2018-10-28 16:04:35","device_id":"QZ000002","cmd_type":"103","data":{"case_id":"5","device_state":"1","imei":"1111","content":"","content_time":"","memo":""}}
2021-01-31 10:17:10.744  INFO 21704 --- [http-nio-8989-exec-3] c.c.HandlerFilter.Upload_statusFilter    : 接收到上传信息请求
2021-01-31 10:17:10.744  INFO 21704 --- [http-nio-8989-exec-3] c.c.HandlerFilter.Upload_statusFilter    : 返回信息就绪消息
2021-01-31 10:17:12.755  INFO 21704 --- [http-nio-8989-exec-2] com.codesun.Controller.ServerController  : 收到请求：{"stime":"2018-10-28 16:04:35","device_id":"QZ000002","cmd_type":"103","data":{"case_id":"5","device_state":"1","imei":"1111","content":"","content_time":"","memo":""}}
2021-01-31 10:17:12.755  INFO 21704 --- [http-nio-8989-exec-2] c.c.HandlerFilter.Upload_statusFilter    : 接收到上传信息请求
2021-01-31 10:17:12.756  INFO 21704 --- [http-nio-8989-exec-2] c.c.HandlerFilter.Upload_statusFilter    : 返回信息就绪消息
2021-01-31 10:17:14.765  INFO 21704 --- [http-nio-8989-exec-7] com.codesun.Controller.ServerController  : 收到请求：{"stime":"2018-10-28 16:04:35","device_id":"QZ000002","cmd_type":"103","data":{"case_id":"5","device_state":"1","imei":"1111","content":"","content_time":"","memo":""}}
2021-01-31 10:17:14.766  INFO 21704 --- [http-nio-8989-exec-7] c.c.HandlerFilter.Upload_statusFilter    : 接收到上传信息请求
2021-01-31 10:17:14.766  INFO 21704 --- [http-nio-8989-exec-7] c.c.HandlerFilter.Upload_statusFilter    : 返回信息就绪消息
2021-01-31 10:17:16.771  INFO 21704 --- [http-nio-8989-exec-9] com.codesun.Controller.ServerController  : 收到请求：{"stime":"2018-10-28 16:04:35","device_id":"QZ000002","cmd_type":"103","data":{"case_id":"5","device_state":"1","imei":"1111","content":"","content_time":"","memo":""}}
2021-01-31 10:17:16.771  INFO 21704 --- [http-nio-8989-exec-9] c.c.HandlerFilter.Upload_statusFilter    : 接收到上传信息请求
2021-01-31 10:17:16.771  INFO 21704 --- [http-nio-8989-exec-9] c.c.HandlerFilter.Upload_statusFilter    : 返回信息就绪消息
2021-01-31 10:17:18.786  INFO 21704 --- [http-nio-8989-exec-6] com.codesun.Controller.ServerController  : 收到请求：{"stime":"2018-10-28 16:04:35","device_id":"QZ000002","cmd_type":"103","data":{"case_id":"5","device_state":"1","imei":"1111","content":"","content_time":"","memo":""}}
2021-01-31 10:17:18.787  INFO 21704 --- [http-nio-8989-exec-6] c.c.HandlerFilter.Upload_statusFilter    : 接收到上传信息请求
2021-01-31 10:17:18.787  INFO 21704 --- [http-nio-8989-exec-6] c.c.HandlerFilter.Upload_statusFilter    : 返回信息就绪消息
2021-01-31 10:17:20.798  INFO 21704 --- [http-nio-8989-exec-8] com.codesun.Controller.ServerController  : 收到请求：{"stime":"2018-10-28 16:04:35","device_id":"QZ000002","cmd_type":"103","data":{"case_id":"5","device_state":"1","imei":"1111","content":"","content_time":"","memo":""}}
2021-01-31 10:17:20.798  INFO 21704 --- [http-nio-8989-exec-8] c.c.HandlerFilter.Upload_statusFilter    : 接收到上传信息请求
2021-01-31 10:17:20.798  INFO 21704 --- [http-nio-8989-exec-8] c.c.HandlerFilter.Upload_statusFilter    : 返回信息就绪消息
2021-01-31 10:17:22.803  INFO 21704 --- [http-nio-8989-exec-4] com.codesun.Controller.ServerController  : 收到请求：{"stime":"2018-10-28 16:04:35","device_id":"QZ000002","cmd_type":"103","data":{"case_id":"5","device_state":"1","imei":"1111","content":"","content_time":"","memo":""}}
2021-01-31 10:17:22.803  INFO 21704 --- [http-nio-8989-exec-4] c.c.HandlerFilter.Upload_statusFilter    : 接收到上传信息请求
2021-01-31 10:17:22.804  INFO 21704 --- [http-nio-8989-exec-4] c.c.HandlerFilter.Upload_statusFilter    : 返回信息就绪消息
2021-01-31 10:17:24.812  INFO 21704 --- [http-nio-8989-exec-5] com.codesun.Controller.ServerController  : 收到请求：{"stime":"2018-10-28 16:04:35","device_id":"QZ000002","cmd_type":"103","data":{"case_id":"5","device_state":"1","imei":"1111","content":"","content_time":"","memo":""}}
2021-01-31 10:17:24.812  INFO 21704 --- [http-nio-8989-exec-5] c.c.HandlerFilter.Upload_statusFilter    : 接收到上传信息请求
2021-01-31 10:17:24.813  INFO 21704 --- [http-nio-8989-exec-5] c.c.HandlerFilter.Upload_statusFilter    : 返回信息就绪消息
2021-01-31 10:17:26.828  INFO 21704 --- [http-nio-8989-exec-10] com.codesun.Controller.ServerController  : 收到请求：{"stime":"2018-10-28 16:04:35","device_id":"QZ000002","cmd_type":"103","data":{"case_id":"5","device_state":"1","imei":"1111","content":"","content_time":"","memo":""}}
2021-01-31 10:17:26.828  INFO 21704 --- [http-nio-8989-exec-10] c.c.HandlerFilter.Upload_statusFilter    : 接收到上传信息请求
2021-01-31 10:17:26.828  INFO 21704 --- [http-nio-8989-exec-10] c.c.HandlerFilter.Upload_statusFilter    : 返回信息就绪消息
2021-01-31 10:17:28.843  INFO 21704 --- [http-nio-8989-exec-1] com.codesun.Controller.ServerController  : 收到请求：{"stime":"2018-10-28 16:04:35","device_id":"QZ000002","cmd_type":"103","data":{"case_id":"5","device_state":"1","imei":"1111","content":"","content_time":"","memo":""}}
2021-01-31 10:17:28.844  INFO 21704 --- [http-nio-8989-exec-1] c.c.HandlerFilter.Upload_statusFilter    : 接收到上传信息请求
2021-01-31 10:17:28.844  INFO 21704 --- [http-nio-8989-exec-1] c.c.HandlerFilter.Upload_statusFilter    : 返回信息就绪消息
2021-01-31 10:23:02.989  INFO 21704 --- [http-nio-8989-exec-8] com.codesun.Controller.ServerController  : 收到请求：{"stime":"2018-10-28 16:04:35","device_id":"QZ000002","cmd_type":"101","data":"","city_code":"460000","city_name":"武汉市"}
2021-01-31 10:23:02.989  INFO 21704 --- [http-nio-8989-exec-8] c.c.H.Device_registrationFilter          : 接受到注册请求
2021-01-31 10:23:02.989  INFO 21704 --- [http-nio-8989-exec-8] c.c.H.Device_registrationFilter          : 有任务，下发案件成功
2021-01-31 10:23:02.995  INFO 21704 --- [http-nio-8989-exec-13] com.codesun.Controller.ServerController  : 收到请求：{"stime":"2018-10-28 16:04:35","device_id":"QZ000002","cmd_type":"103","data":{"case_id":"5","device_state":"1","imei":"1111","content":"","content_time":"","memo":""}}
2021-01-31 10:23:02.995  INFO 21704 --- [http-nio-8989-exec-13] c.c.HandlerFilter.Upload_statusFilter    : 接收到上传信息请求
2021-01-31 10:23:02.996  INFO 21704 --- [http-nio-8989-exec-13] c.c.HandlerFilter.Upload_statusFilter    : 返回信息就绪消息
2021-01-31 10:23:02.998  INFO 21704 --- [http-nio-8989-exec-18] com.codesun.Controller.ServerController  : 收到请求：{"stime":"2018-10-28 16:04:35","device_id":"QZ000002","cmd_type":"105","data":{"case_id":"5","device_state":"1","imei":"111111","phone":"18971360911","content":"短信内容1923","content_time":"2018-10-27 20:21:09","memo":""}}
2021-01-31 10:23:02.998  INFO 21704 --- [http-nio-8989-exec-18] c.c.HandlerFilter.Upload_SMSFilter       : 接受到短信上传请求
2021-01-31 10:23:02.998  INFO 21704 --- [http-nio-8989-exec-18] c.c.HandlerFilter.Upload_SMSFilter       : 返回信息获取成功消息
2021-01-31 10:23:03.000  INFO 21704 --- [http-nio-8989-exec-2] com.codesun.Controller.ServerController  : 收到请求：{"stime":"2018-10-28 16:04:35","device_id":"QZ000002","cmd_type":"103","data":{"case_id":"5","device_state":"1","imei":"1111","content":"","content_time":"","memo":""}}
2021-01-31 10:23:03.000  INFO 21704 --- [http-nio-8989-exec-2] c.c.HandlerFilter.Upload_statusFilter    : 接收到上传信息请求
2021-01-31 10:23:03.001  INFO 21704 --- [http-nio-8989-exec-2] c.c.HandlerFilter.Upload_statusFilter    : 返回信息就绪消息
2021-01-31 10:23:06.005  INFO 21704 --- [http-nio-8989-exec-14] com.codesun.Controller.ServerController  : 收到请求：{"stime":"2018-10-28 16:04:35","device_id":"QZ000002","cmd_type":"103","data":{"case_id":"5","device_state":"1","imei":"1111","content":"","content_time":"","memo":""}}
2021-01-31 10:23:06.006  INFO 21704 --- [http-nio-8989-exec-14] c.c.HandlerFilter.Upload_statusFilter    : 接收到上传信息请求
2021-01-31 10:23:06.006  INFO 21704 --- [http-nio-8989-exec-14] c.c.HandlerFilter.Upload_statusFilter    : 返回信息就绪消息
2021-01-31 10:23:09.021  INFO 21704 --- [http-nio-8989-exec-1] com.codesun.Controller.ServerController  : 收到请求：{"stime":"2018-10-28 16:04:35","device_id":"QZ000002","cmd_type":"103","data":{"case_id":"5","device_state":"1","imei":"1111","content":"","content_time":"","memo":""}}
2021-01-31 10:23:09.022  INFO 21704 --- [http-nio-8989-exec-1] c.c.HandlerFilter.Upload_statusFilter    : 接收到上传信息请求
2021-01-31 10:23:09.022  INFO 21704 --- [http-nio-8989-exec-1] c.c.HandlerFilter.Upload_statusFilter    : 返回信息就绪消息
2021-01-31 10:23:12.024  INFO 21704 --- [http-nio-8989-exec-5] com.codesun.Controller.ServerController  : 收到请求：{"stime":"2018-10-28 16:04:35","device_id":"QZ000002","cmd_type":"105","data":{"case_id":"5","device_state":"1","imei":"111111","phone":"18971360911","content":"短信内容1923","content_time":"2018-10-27 20:21:09","memo":""}}
2021-01-31 10:23:12.025  INFO 21704 --- [http-nio-8989-exec-5] c.c.HandlerFilter.Upload_SMSFilter       : 接受到短信上传请求
2021-01-31 10:23:12.025  INFO 21704 --- [http-nio-8989-exec-5] c.c.HandlerFilter.Upload_SMSFilter       : 返回信息获取成功消息
2021-01-31 10:23:12.027  INFO 21704 --- [http-nio-8989-exec-7] com.codesun.Controller.ServerController  : 收到请求：{"stime":"2018-10-28 16:04:35","device_id":"QZ000002","cmd_type":"103","data":{"case_id":"5","device_state":"1","imei":"1111","content":"","content_time":"","memo":""}}
2021-01-31 10:23:12.027  INFO 21704 --- [http-nio-8989-exec-7] c.c.HandlerFilter.Upload_statusFilter    : 接收到上传信息请求
2021-01-31 10:23:12.027  INFO 21704 --- [http-nio-8989-exec-7] c.c.HandlerFilter.Upload_statusFilter    : 返回信息就绪消息
2021-01-31 10:23:15.042  INFO 21704 --- [http-nio-8989-exec-9] com.codesun.Controller.ServerController  : 收到请求：{"stime":"2018-10-28 16:04:35","device_id":"QZ000002","cmd_type":"103","data":{"case_id":"5","device_state":"1","imei":"1111","content":"","content_time":"","memo":""}}
2021-01-31 10:23:15.042  INFO 21704 --- [http-nio-8989-exec-9] c.c.HandlerFilter.Upload_statusFilter    : 接收到上传信息请求
2021-01-31 10:23:15.043  INFO 21704 --- [http-nio-8989-exec-9] c.c.HandlerFilter.Upload_statusFilter    : 返回信息就绪消息
2021-01-31 10:23:15.228  INFO 21704 --- [http-nio-8989-exec-15] com.codesun.Controller.ServerController  : 获取短信状态: ok
2021-01-31 10:23:18.049  INFO 21704 --- [http-nio-8989-exec-18] com.codesun.Controller.ServerController  : 收到请求：{"stime":"2018-10-28 16:04:35","device_id":"QZ000002","cmd_type":"103","data":{"case_id":"5","device_state":"1","imei":"1111","content":"","content_time":"","memo":""}}
2021-01-31 10:23:18.050  INFO 21704 --- [http-nio-8989-exec-18] c.c.HandlerFilter.Upload_statusFilter    : 接收到上传信息请求
2021-01-31 10:23:18.050  INFO 21704 --- [http-nio-8989-exec-18] c.c.HandlerFilter.Upload_statusFilter    : 返回信息就绪消息
2021-01-31 10:23:21.062  INFO 21704 --- [http-nio-8989-exec-2] com.codesun.Controller.ServerController  : 收到请求：{"stime":"2018-10-28 16:04:35","device_id":"QZ000002","cmd_type":"105","data":{"case_id":"5","device_state":"1","imei":"111111","phone":"18971360911","content":"短信内容1923","content_time":"2018-10-27 20:21:09","memo":""}}
2021-01-31 10:23:21.062  INFO 21704 --- [http-nio-8989-exec-2] c.c.HandlerFilter.Upload_SMSFilter       : 接受到短信上传请求
2021-01-31 10:23:21.062  INFO 21704 --- [http-nio-8989-exec-2] c.c.HandlerFilter.Upload_SMSFilter       : 返回信息获取成功消息
2021-01-31 10:23:21.064  INFO 21704 --- [http-nio-8989-exec-14] com.codesun.Controller.ServerController  : 收到请求：{"stime":"2018-10-28 16:04:35","device_id":"QZ000002","cmd_type":"103","data":{"case_id":"5","device_state":"1","imei":"1111","content":"","content_time":"","memo":""}}
2021-01-31 10:23:21.064  INFO 21704 --- [http-nio-8989-exec-14] c.c.HandlerFilter.Upload_statusFilter    : 接收到上传信息请求
2021-01-31 10:23:21.065  INFO 21704 --- [http-nio-8989-exec-14] c.c.HandlerFilter.Upload_statusFilter    : 返回信息就绪消息
2021-01-31 10:23:24.073  INFO 21704 --- [http-nio-8989-exec-1] com.codesun.Controller.ServerController  : 收到请求：{"stime":"2018-10-28 16:04:35","device_id":"QZ000002","cmd_type":"103","data":{"case_id":"5","device_state":"1","imei":"1111","content":"","content_time":"","memo":""}}
2021-01-31 10:23:24.073  INFO 21704 --- [http-nio-8989-exec-1] c.c.HandlerFilter.Upload_statusFilter    : 接收到上传信息请求
2021-01-31 10:23:24.073  INFO 21704 --- [http-nio-8989-exec-1] c.c.HandlerFilter.Upload_statusFilter    : 返回信息就绪消息
2021-01-31 10:23:27.090  INFO 21704 --- [http-nio-8989-exec-5] com.codesun.Controller.ServerController  : 收到请求：{"stime":"2018-10-28 16:04:35","device_id":"QZ000002","cmd_type":"103","data":{"case_id":"5","device_state":"1","imei":"1111","content":"","content_time":"","memo":""}}
2021-01-31 10:23:27.090  INFO 21704 --- [http-nio-8989-exec-5] c.c.HandlerFilter.Upload_statusFilter    : 接收到上传信息请求
2021-01-31 10:23:27.091  INFO 21704 --- [http-nio-8989-exec-5] c.c.HandlerFilter.Upload_statusFilter    : 返回信息就绪消息
2021-01-31 10:23:30.102  INFO 21704 --- [http-nio-8989-exec-7] com.codesun.Controller.ServerController  : 收到请求：{"stime":"2018-10-28 16:04:35","device_id":"QZ000002","cmd_type":"105","data":{"case_id":"5","device_state":"1","imei":"111111","phone":"18971360911","content":"短信内容1923","content_time":"2018-10-27 20:21:09","memo":""}}
2021-01-31 10:23:30.102  INFO 21704 --- [http-nio-8989-exec-7] c.c.HandlerFilter.Upload_SMSFilter       : 接受到短信上传请求
2021-01-31 10:23:30.103  INFO 21704 --- [http-nio-8989-exec-7] c.c.HandlerFilter.Upload_SMSFilter       : 返回信息获取成功消息
2021-01-31 10:23:30.105  INFO 21704 --- [http-nio-8989-exec-9] com.codesun.Controller.ServerController  : 收到请求：{"stime":"2018-10-28 16:04:35","device_id":"QZ000002","cmd_type":"103","data":{"case_id":"5","device_state":"1","imei":"1111","content":"","content_time":"","memo":""}}
2021-01-31 10:23:30.106  INFO 21704 --- [http-nio-8989-exec-9] c.c.HandlerFilter.Upload_statusFilter    : 接收到上传信息请求
2021-01-31 10:23:30.106  INFO 21704 --- [http-nio-8989-exec-9] c.c.HandlerFilter.Upload_statusFilter    : 返回信息就绪消息
2021-01-31 10:23:33.114  INFO 21704 --- [http-nio-8989-exec-8] com.codesun.Controller.ServerController  : 收到请求：{"stime":"2018-10-28 16:04:35","device_id":"QZ000002","cmd_type":"103","data":{"case_id":"5","device_state":"1","imei":"1111","content":"","content_time":"","memo":""}}
2021-01-31 10:23:33.114  INFO 21704 --- [http-nio-8989-exec-8] c.c.HandlerFilter.Upload_statusFilter    : 接收到上传信息请求
2021-01-31 10:23:33.114  INFO 21704 --- [http-nio-8989-exec-8] c.c.HandlerFilter.Upload_statusFilter    : 返回信息就绪消息
2021-01-31 10:23:36.125  INFO 21704 --- [http-nio-8989-exec-5] com.codesun.Controller.ServerController  : 收到请求：{"stime":"2018-10-28 16:04:35","device_id":"QZ000002","cmd_type":"103","data":{"case_id":"5","device_state":"1","imei":"1111","content":"","content_time":"","memo":""}}
2021-01-31 10:23:36.125  INFO 21704 --- [http-nio-8989-exec-5] c.c.HandlerFilter.Upload_statusFilter    : 接收到上传信息请求
2021-01-31 10:23:36.125  INFO 21704 --- [http-nio-8989-exec-5] c.c.HandlerFilter.Upload_statusFilter    : 返回信息就绪消息
2021-01-31 10:23:39.142  INFO 21704 --- [http-nio-8989-exec-2] com.codesun.Controller.ServerController  : 收到请求：{"stime":"2018-10-28 16:04:35","device_id":"QZ000002","cmd_type":"105","data":{"case_id":"5","device_state":"1","imei":"111111","phone":"18971360911","content":"短信内容1923","content_time":"2018-10-27 20:21:09","memo":""}}
2021-01-31 10:23:39.142  INFO 21704 --- [http-nio-8989-exec-2] c.c.HandlerFilter.Upload_SMSFilter       : 接受到短信上传请求
2021-01-31 10:23:39.143  INFO 21704 --- [http-nio-8989-exec-2] c.c.HandlerFilter.Upload_SMSFilter       : 返回信息获取成功消息
2021-01-31 10:23:39.144  INFO 21704 --- [http-nio-8989-exec-14] com.codesun.Controller.ServerController  : 收到请求：{"stime":"2018-10-28 16:04:35","device_id":"QZ000002","cmd_type":"103","data":{"case_id":"5","device_state":"1","imei":"1111","content":"","content_time":"","memo":""}}
2021-01-31 10:23:39.145  INFO 21704 --- [http-nio-8989-exec-14] c.c.HandlerFilter.Upload_statusFilter    : 接收到上传信息请求
2021-01-31 10:23:39.145  INFO 21704 --- [http-nio-8989-exec-14] c.c.HandlerFilter.Upload_statusFilter    : 返回信息就绪消息
2021-01-31 10:23:42.149  INFO 21704 --- [http-nio-8989-exec-18] com.codesun.Controller.ServerController  : 收到请求：{"stime":"2018-10-28 16:04:35","device_id":"QZ000002","cmd_type":"103","data":{"case_id":"5","device_state":"1","imei":"1111","content":"","content_time":"","memo":""}}
2021-01-31 10:23:42.149  INFO 21704 --- [http-nio-8989-exec-18] c.c.HandlerFilter.Upload_statusFilter    : 接收到上传信息请求
2021-01-31 10:23:42.149  INFO 21704 --- [http-nio-8989-exec-18] c.c.HandlerFilter.Upload_statusFilter    : 返回信息就绪消息
2021-01-31 10:23:45.153  INFO 21704 --- [http-nio-8989-exec-2] com.codesun.Controller.ServerController  : 收到请求：{"stime":"2018-10-28 16:04:35","device_id":"QZ000002","cmd_type":"103","data":{"case_id":"5","device_state":"1","imei":"1111","content":"","content_time":"","memo":""}}
2021-01-31 10:23:45.153  INFO 21704 --- [http-nio-8989-exec-2] c.c.HandlerFilter.Upload_statusFilter    : 接收到上传信息请求
2021-01-31 10:23:45.154  INFO 21704 --- [http-nio-8989-exec-2] c.c.HandlerFilter.Upload_statusFilter    : 返回信息就绪消息
2021-01-31 10:23:48.161  INFO 21704 --- [http-nio-8989-exec-1] com.codesun.Controller.ServerController  : 收到请求：{"stime":"2018-10-28 16:04:35","device_id":"QZ000002","cmd_type":"105","data":{"case_id":"5","device_state":"1","imei":"111111","phone":"18971360911","content":"短信内容1923","content_time":"2018-10-27 20:21:09","memo":""}}
2021-01-31 10:23:48.161  INFO 21704 --- [http-nio-8989-exec-1] c.c.HandlerFilter.Upload_SMSFilter       : 接受到短信上传请求
2021-01-31 10:23:48.161  INFO 21704 --- [http-nio-8989-exec-1] c.c.HandlerFilter.Upload_SMSFilter       : 返回信息获取成功消息
2021-01-31 10:23:48.163  INFO 21704 --- [http-nio-8989-exec-5] com.codesun.Controller.ServerController  : 收到请求：{"stime":"2018-10-28 16:04:35","device_id":"QZ000002","cmd_type":"103","data":{"case_id":"5","device_state":"1","imei":"1111","content":"","content_time":"","memo":""}}
2021-01-31 10:23:48.163  INFO 21704 --- [http-nio-8989-exec-5] c.c.HandlerFilter.Upload_statusFilter    : 接收到上传信息请求
2021-01-31 10:23:48.163  INFO 21704 --- [http-nio-8989-exec-5] c.c.HandlerFilter.Upload_statusFilter    : 返回信息就绪消息
2021-01-31 10:23:51.181  INFO 21704 --- [http-nio-8989-exec-15] com.codesun.Controller.ServerController  : 收到请求：{"stime":"2018-10-28 16:04:35","device_id":"QZ000002","cmd_type":"103","data":{"case_id":"5","device_state":"1","imei":"1111","content":"","content_time":"","memo":""}}
2021-01-31 10:23:51.181  INFO 21704 --- [http-nio-8989-exec-15] c.c.HandlerFilter.Upload_statusFilter    : 接收到上传信息请求
2021-01-31 10:23:51.181  INFO 21704 --- [http-nio-8989-exec-15] c.c.HandlerFilter.Upload_statusFilter    : 返回信息就绪消息
2021-01-31 10:23:54.185  INFO 21704 --- [http-nio-8989-exec-8] com.codesun.Controller.ServerController  : 收到请求：{"stime":"2018-10-28 16:04:35","device_id":"QZ000002","cmd_type":"103","data":{"case_id":"5","device_state":"1","imei":"1111","content":"","content_time":"","memo":""}}
2021-01-31 10:23:54.185  INFO 21704 --- [http-nio-8989-exec-8] c.c.HandlerFilter.Upload_statusFilter    : 接收到上传信息请求
2021-01-31 10:23:54.185  INFO 21704 --- [http-nio-8989-exec-8] c.c.HandlerFilter.Upload_statusFilter    : 返回信息就绪消息
2021-01-31 10:23:57.191  INFO 21704 --- [http-nio-8989-exec-13] com.codesun.Controller.ServerController  : 收到请求：{"stime":"2018-10-28 16:04:35","device_id":"QZ000002","cmd_type":"105","data":{"case_id":"5","device_state":"1","imei":"111111","phone":"18971360911","content":"短信内容1923","content_time":"2018-10-27 20:21:09","memo":""}}
2021-01-31 10:23:57.191  INFO 21704 --- [http-nio-8989-exec-13] c.c.HandlerFilter.Upload_SMSFilter       : 接受到短信上传请求
2021-01-31 10:23:57.191  INFO 21704 --- [http-nio-8989-exec-13] c.c.HandlerFilter.Upload_SMSFilter       : 返回信息获取成功消息
2021-01-31 10:23:57.193  INFO 21704 --- [http-nio-8989-exec-18] com.codesun.Controller.ServerController  : 收到请求：{"stime":"2018-10-28 16:04:35","device_id":"QZ000002","cmd_type":"103","data":{"case_id":"5","device_state":"1","imei":"1111","content":"","content_time":"","memo":""}}
2021-01-31 10:23:57.194  INFO 21704 --- [http-nio-8989-exec-18] c.c.HandlerFilter.Upload_statusFilter    : 接收到上传信息请求
2021-01-31 10:23:57.194  INFO 21704 --- [http-nio-8989-exec-18] c.c.HandlerFilter.Upload_statusFilter    : 返回信息就绪消息
2021-01-31 10:24:00.207  INFO 21704 --- [http-nio-8989-exec-2] com.codesun.Controller.ServerController  : 收到请求：{"stime":"2018-10-28 16:04:35","device_id":"QZ000002","cmd_type":"103","data":{"case_id":"5","device_state":"1","imei":"1111","content":"","content_time":"","memo":""}}
2021-01-31 10:24:00.207  INFO 21704 --- [http-nio-8989-exec-2] c.c.HandlerFilter.Upload_statusFilter    : 接收到上传信息请求
2021-01-31 10:24:00.207  INFO 21704 --- [http-nio-8989-exec-2] c.c.HandlerFilter.Upload_statusFilter    : 返回信息就绪消息
2021-01-31 10:24:03.212  INFO 21704 --- [http-nio-8989-exec-9] com.codesun.Controller.ServerController  : 收到请求：{"stime":"2018-10-28 16:04:35","device_id":"QZ000002","cmd_type":"103","data":{"case_id":"5","device_state":"1","imei":"1111","content":"","content_time":"","memo":""}}
2021-01-31 10:24:03.212  INFO 21704 --- [http-nio-8989-exec-9] c.c.HandlerFilter.Upload_statusFilter    : 接收到上传信息请求
2021-01-31 10:24:03.212  INFO 21704 --- [http-nio-8989-exec-9] c.c.HandlerFilter.Upload_statusFilter    : 返回信息就绪消息
2021-01-31 10:24:06.229  INFO 21704 --- [http-nio-8989-exec-8] com.codesun.Controller.ServerController  : 收到请求：{"stime":"2018-10-28 16:04:35","device_id":"QZ000002","cmd_type":"105","data":{"case_id":"5","device_state":"1","imei":"111111","phone":"18971360911","content":"短信内容1923","content_time":"2018-10-27 20:21:09","memo":""}}
2021-01-31 10:24:06.229  INFO 21704 --- [http-nio-8989-exec-8] c.c.HandlerFilter.Upload_SMSFilter       : 接受到短信上传请求
2021-01-31 10:24:06.229  INFO 21704 --- [http-nio-8989-exec-8] c.c.HandlerFilter.Upload_SMSFilter       : 返回信息获取成功消息
2021-01-31 10:24:06.231  INFO 21704 --- [http-nio-8989-exec-13] com.codesun.Controller.ServerController  : 收到请求：{"stime":"2018-10-28 16:04:35","device_id":"QZ000002","cmd_type":"103","data":{"case_id":"5","device_state":"1","imei":"1111","content":"","content_time":"","memo":""}}
2021-01-31 10:24:06.231  INFO 21704 --- [http-nio-8989-exec-13] c.c.HandlerFilter.Upload_statusFilter    : 接收到上传信息请求
2021-01-31 10:24:06.231  INFO 21704 --- [http-nio-8989-exec-13] c.c.HandlerFilter.Upload_statusFilter    : 返回信息就绪消息
2021-01-31 10:24:09.243  INFO 21704 --- [http-nio-8989-exec-2] com.codesun.Controller.ServerController  : 收到请求：{"stime":"2018-10-28 16:04:35","device_id":"QZ000002","cmd_type":"103","data":{"case_id":"5","device_state":"1","imei":"1111","content":"","content_time":"","memo":""}}
2021-01-31 10:24:09.243  INFO 21704 --- [http-nio-8989-exec-2] c.c.HandlerFilter.Upload_statusFilter    : 接收到上传信息请求
2021-01-31 10:24:09.243  INFO 21704 --- [http-nio-8989-exec-2] c.c.HandlerFilter.Upload_statusFilter    : 返回信息就绪消息
2021-01-31 10:24:12.246  INFO 21704 --- [http-nio-8989-exec-5] com.codesun.Controller.ServerController  : 收到请求：{"stime":"2018-10-28 16:04:35","device_id":"QZ000002","cmd_type":"103","data":{"case_id":"5","device_state":"1","imei":"1111","content":"","content_time":"","memo":""}}
2021-01-31 10:24:12.246  INFO 21704 --- [http-nio-8989-exec-5] c.c.HandlerFilter.Upload_statusFilter    : 接收到上传信息请求
2021-01-31 10:24:12.246  INFO 21704 --- [http-nio-8989-exec-5] c.c.HandlerFilter.Upload_statusFilter    : 返回信息就绪消息
2021-01-31 10:24:15.258  INFO 21704 --- [http-nio-8989-exec-1] com.codesun.Controller.ServerController  : 收到请求：{"stime":"2018-10-28 16:04:35","device_id":"QZ000002","cmd_type":"105","data":{"case_id":"5","device_state":"1","imei":"111111","phone":"18971360911","content":"短信内容1923","content_time":"2018-10-27 20:21:09","memo":""}}
2021-01-31 10:24:15.258  INFO 21704 --- [http-nio-8989-exec-1] c.c.HandlerFilter.Upload_SMSFilter       : 接受到短信上传请求
2021-01-31 10:24:15.259  INFO 21704 --- [http-nio-8989-exec-1] c.c.HandlerFilter.Upload_SMSFilter       : 返回信息获取成功消息
2021-01-31 10:24:15.261  INFO 21704 --- [http-nio-8989-exec-9] com.codesun.Controller.ServerController  : 收到请求：{"stime":"2018-10-28 16:04:35","device_id":"QZ000002","cmd_type":"103","data":{"case_id":"5","device_state":"1","imei":"1111","content":"","content_time":"","memo":""}}
2021-01-31 10:24:15.261  INFO 21704 --- [http-nio-8989-exec-9] c.c.HandlerFilter.Upload_statusFilter    : 接收到上传信息请求
2021-01-31 10:24:15.261  INFO 21704 --- [http-nio-8989-exec-9] c.c.HandlerFilter.Upload_statusFilter    : 返回信息就绪消息
2021-01-31 10:24:18.273  INFO 21704 --- [http-nio-8989-exec-18] com.codesun.Controller.ServerController  : 收到请求：{"stime":"2018-10-28 16:04:35","device_id":"QZ000002","cmd_type":"103","data":{"case_id":"5","device_state":"1","imei":"1111","content":"","content_time":"","memo":""}}
2021-01-31 10:24:18.273  INFO 21704 --- [http-nio-8989-exec-18] c.c.HandlerFilter.Upload_statusFilter    : 接收到上传信息请求
2021-01-31 10:24:18.273  INFO 21704 --- [http-nio-8989-exec-18] c.c.HandlerFilter.Upload_statusFilter    : 返回信息就绪消息
2021-01-31 10:24:21.281  INFO 21704 --- [http-nio-8989-exec-2] com.codesun.Controller.ServerController  : 收到请求：{"stime":"2018-10-28 16:04:35","device_id":"QZ000002","cmd_type":"103","data":{"case_id":"5","device_state":"1","imei":"1111","content":"","content_time":"","memo":""}}
2021-01-31 10:24:21.281  INFO 21704 --- [http-nio-8989-exec-2] c.c.HandlerFilter.Upload_statusFilter    : 接收到上传信息请求
2021-01-31 10:24:21.281  INFO 21704 --- [http-nio-8989-exec-2] c.c.HandlerFilter.Upload_statusFilter    : 返回信息就绪消息
2021-01-31 10:24:24.296  INFO 21704 --- [http-nio-8989-exec-1] com.codesun.Controller.ServerController  : 收到请求：{"stime":"2018-10-28 16:04:35","device_id":"QZ000002","cmd_type":"105","data":{"case_id":"5","device_state":"1","imei":"111111","phone":"18971360911","content":"短信内容1923","content_time":"2018-10-27 20:21:09","memo":""}}
2021-01-31 10:24:24.296  INFO 21704 --- [http-nio-8989-exec-1] c.c.HandlerFilter.Upload_SMSFilter       : 接受到短信上传请求
2021-01-31 10:24:24.296  INFO 21704 --- [http-nio-8989-exec-1] c.c.HandlerFilter.Upload_SMSFilter       : 返回信息获取成功消息
2021-01-31 10:24:24.299  INFO 21704 --- [http-nio-8989-exec-9] com.codesun.Controller.ServerController  : 收到请求：{"stime":"2018-10-28 16:04:35","device_id":"QZ000002","cmd_type":"103","data":{"case_id":"5","device_state":"1","imei":"1111","content":"","content_time":"","memo":""}}
2021-01-31 10:24:24.299  INFO 21704 --- [http-nio-8989-exec-9] c.c.HandlerFilter.Upload_statusFilter    : 接收到上传信息请求
2021-01-31 10:24:24.299  INFO 21704 --- [http-nio-8989-exec-9] c.c.HandlerFilter.Upload_statusFilter    : 返回信息就绪消息
2021-01-31 10:24:27.314  INFO 21704 --- [http-nio-8989-exec-8] com.codesun.Controller.ServerController  : 收到请求：{"stime":"2018-10-28 16:04:35","device_id":"QZ000002","cmd_type":"103","data":{"case_id":"5","device_state":"1","imei":"1111","content":"","content_time":"","memo":""}}
2021-01-31 10:24:27.315  INFO 21704 --- [http-nio-8989-exec-8] c.c.HandlerFilter.Upload_statusFilter    : 接收到上传信息请求
2021-01-31 10:24:27.315  INFO 21704 --- [http-nio-8989-exec-8] c.c.HandlerFilter.Upload_statusFilter    : 返回信息就绪消息
2021-01-31 10:24:30.327  INFO 21704 --- [http-nio-8989-exec-15] com.codesun.Controller.ServerController  : 收到请求：{"stime":"2018-10-28 16:04:35","device_id":"QZ000002","cmd_type":"103","data":{"case_id":"5","device_state":"1","imei":"1111","content":"","content_time":"","memo":""}}
2021-01-31 10:24:30.327  INFO 21704 --- [http-nio-8989-exec-15] c.c.HandlerFilter.Upload_statusFilter    : 接收到上传信息请求
2021-01-31 10:24:30.327  INFO 21704 --- [http-nio-8989-exec-15] c.c.HandlerFilter.Upload_statusFilter    : 返回信息就绪消息
2021-01-31 10:24:33.336  INFO 21704 --- [http-nio-8989-exec-8] com.codesun.Controller.ServerController  : 收到请求：{"stime":"2018-10-28 16:04:35","device_id":"QZ000002","cmd_type":"105","data":{"case_id":"5","device_state":"1","imei":"111111","phone":"18971360911","content":"短信内容1923","content_time":"2018-10-27 20:21:09","memo":""}}
2021-01-31 10:24:33.336  INFO 21704 --- [http-nio-8989-exec-8] c.c.HandlerFilter.Upload_SMSFilter       : 接受到短信上传请求
2021-01-31 10:24:33.337  INFO 21704 --- [http-nio-8989-exec-8] c.c.HandlerFilter.Upload_SMSFilter       : 返回信息获取成功消息
2021-01-31 10:24:33.338  INFO 21704 --- [http-nio-8989-exec-15] com.codesun.Controller.ServerController  : 收到请求：{"stime":"2018-10-28 16:04:35","device_id":"QZ000002","cmd_type":"103","data":{"case_id":"5","device_state":"1","imei":"1111","content":"","content_time":"","memo":""}}
2021-01-31 10:24:33.338  INFO 21704 --- [http-nio-8989-exec-15] c.c.HandlerFilter.Upload_statusFilter    : 接收到上传信息请求
2021-01-31 10:24:33.338  INFO 21704 --- [http-nio-8989-exec-15] c.c.HandlerFilter.Upload_statusFilter    : 返回信息就绪消息
2021-01-31 10:24:36.351  INFO 21704 --- [http-nio-8989-exec-18] com.codesun.Controller.ServerController  : 收到请求：{"stime":"2018-10-28 16:04:35","device_id":"QZ000002","cmd_type":"103","data":{"case_id":"5","device_state":"1","imei":"1111","content":"","content_time":"","memo":""}}
2021-01-31 10:24:36.351  INFO 21704 --- [http-nio-8989-exec-18] c.c.HandlerFilter.Upload_statusFilter    : 接收到上传信息请求
2021-01-31 10:24:36.351  INFO 21704 --- [http-nio-8989-exec-18] c.c.HandlerFilter.Upload_statusFilter    : 返回信息就绪消息
2021-01-31 10:24:39.368  INFO 21704 --- [http-nio-8989-exec-1] com.codesun.Controller.ServerController  : 收到请求：{"stime":"2018-10-28 16:04:35","device_id":"QZ000002","cmd_type":"103","data":{"case_id":"5","device_state":"1","imei":"1111","content":"","content_time":"","memo":""}}
2021-01-31 10:24:39.368  INFO 21704 --- [http-nio-8989-exec-1] c.c.HandlerFilter.Upload_statusFilter    : 接收到上传信息请求
2021-01-31 10:24:39.368  INFO 21704 --- [http-nio-8989-exec-1] c.c.HandlerFilter.Upload_statusFilter    : 返回信息就绪消息
2021-01-31 10:24:42.382  INFO 21704 --- [http-nio-8989-exec-18] com.codesun.Controller.ServerController  : 收到请求：{"stime":"2018-10-28 16:04:35","device_id":"QZ000002","cmd_type":"105","data":{"case_id":"5","device_state":"1","imei":"111111","phone":"18971360911","content":"短信内容1923","content_time":"2018-10-27 20:21:09","memo":""}}
2021-01-31 10:24:42.383  INFO 21704 --- [http-nio-8989-exec-18] c.c.HandlerFilter.Upload_SMSFilter       : 接受到短信上传请求
2021-01-31 10:24:42.383  INFO 21704 --- [http-nio-8989-exec-18] c.c.HandlerFilter.Upload_SMSFilter       : 返回信息获取成功消息
2021-01-31 10:24:42.385  INFO 21704 --- [http-nio-8989-exec-5] com.codesun.Controller.ServerController  : 收到请求：{"stime":"2018-10-28 16:04:35","device_id":"QZ000002","cmd_type":"103","data":{"case_id":"5","device_state":"1","imei":"1111","content":"","content_time":"","memo":""}}
2021-01-31 10:24:42.385  INFO 21704 --- [http-nio-8989-exec-5] c.c.HandlerFilter.Upload_statusFilter    : 接收到上传信息请求
2021-01-31 10:24:42.385  INFO 21704 --- [http-nio-8989-exec-5] c.c.HandlerFilter.Upload_statusFilter    : 返回信息就绪消息
2021-01-31 10:24:45.394  INFO 21704 --- [http-nio-8989-exec-14] com.codesun.Controller.ServerController  : 收到请求：{"stime":"2018-10-28 16:04:35","device_id":"QZ000002","cmd_type":"103","data":{"case_id":"5","device_state":"1","imei":"1111","content":"","content_time":"","memo":""}}
2021-01-31 10:24:45.395  INFO 21704 --- [http-nio-8989-exec-14] c.c.HandlerFilter.Upload_statusFilter    : 接收到上传信息请求
2021-01-31 10:24:45.395  INFO 21704 --- [http-nio-8989-exec-14] c.c.HandlerFilter.Upload_statusFilter    : 返回信息就绪消息
2021-01-31 10:24:48.406  INFO 21704 --- [http-nio-8989-exec-14] com.codesun.Controller.ServerController  : 收到请求：{"stime":"2018-10-28 16:04:35","device_id":"QZ000002","cmd_type":"103","data":{"case_id":"5","device_state":"1","imei":"1111","content":"","content_time":"","memo":""}}
2021-01-31 10:24:48.406  INFO 21704 --- [http-nio-8989-exec-14] c.c.HandlerFilter.Upload_statusFilter    : 接收到上传信息请求
2021-01-31 10:24:48.406  INFO 21704 --- [http-nio-8989-exec-14] c.c.HandlerFilter.Upload_statusFilter    : 返回信息就绪消息
2021-01-31 10:24:51.417  INFO 21704 --- [http-nio-8989-exec-15] com.codesun.Controller.ServerController  : 收到请求：{"stime":"2018-10-28 16:04:35","device_id":"QZ000002","cmd_type":"105","data":{"case_id":"5","device_state":"1","imei":"111111","phone":"18971360911","content":"短信内容1923","content_time":"2018-10-27 20:21:09","memo":""}}
2021-01-31 10:24:51.417  INFO 21704 --- [http-nio-8989-exec-15] c.c.HandlerFilter.Upload_SMSFilter       : 接受到短信上传请求
2021-01-31 10:24:51.417  INFO 21704 --- [http-nio-8989-exec-15] c.c.HandlerFilter.Upload_SMSFilter       : 返回信息获取成功消息
2021-01-31 10:24:51.419  INFO 21704 --- [http-nio-8989-exec-14] com.codesun.Controller.ServerController  : 收到请求：{"stime":"2018-10-28 16:04:35","device_id":"QZ000002","cmd_type":"103","data":{"case_id":"5","device_state":"1","imei":"1111","content":"","content_time":"","memo":""}}
2021-01-31 10:24:51.420  INFO 21704 --- [http-nio-8989-exec-14] c.c.HandlerFilter.Upload_statusFilter    : 接收到上传信息请求
2021-01-31 10:24:51.420  INFO 21704 --- [http-nio-8989-exec-14] c.c.HandlerFilter.Upload_statusFilter    : 返回信息就绪消息
2021-01-31 10:24:54.437  INFO 21704 --- [http-nio-8989-exec-5] com.codesun.Controller.ServerController  : 收到请求：{"stime":"2018-10-28 16:04:35","device_id":"QZ000002","cmd_type":"103","data":{"case_id":"5","device_state":"1","imei":"1111","content":"","content_time":"","memo":""}}
2021-01-31 10:24:54.437  INFO 21704 --- [http-nio-8989-exec-5] c.c.HandlerFilter.Upload_statusFilter    : 接收到上传信息请求
2021-01-31 10:24:54.438  INFO 21704 --- [http-nio-8989-exec-5] c.c.HandlerFilter.Upload_statusFilter    : 返回信息就绪消息
